<?xml version="1.0" encoding="UTF-8"?>
<!-- Generated by org.testng.reporters.JUnitXMLReporter -->
<testsuite ignored="1" hostname="DESKTOP-48PF7FN" failures="0" tests="4" name="Default test" time="99.871" errors="0" timestamp="2023-02-09T12:56:17 IST">
  <testcase classname="org.Petdiseasealerts.test.PetParasiteTest" name="viewForecastDataTest" time="6.401"/>
  <testcase classname="org.Petdiseasealerts.test.PetParasiteTest" name="viewForecastDataTest" time="2.825"/>
  <testcase classname="org.Petdiseasealerts.test.PetParasiteTest" name="viewForecastDataTest" time="5.599"/>
  <testcase classname="org.Petdiseasealerts.test.PetParasiteTest" name="viewForecastDataTest" time="6.149"/>
  <testcase classname="org.Petdiseasealerts.test.PetParasiteTest" name="getAllRegions" time="0.0">
    <ignored/>
  </testcase> <!-- getAllRegions -->
</testsuite> <!-- Default test -->
